w:\desktop\proyecto computacion grafica\proyecto en opengl\yes\yes\debug\yes.pch.codeanalysis
w:\desktop\proyecto computacion grafica\proyecto en opengl\yes\yes\debug\vc141.pdb
w:\desktop\proyecto computacion grafica\proyecto en opengl\yes\yes\debug\vc141.idb
w:\desktop\proyecto computacion grafica\proyecto en opengl\yes\yes\debug\yes.pch.codeanalysisast
w:\desktop\proyecto computacion grafica\proyecto en opengl\yes\yes\debug\stdafx.nativecodeanalysis.xml
w:\desktop\proyecto computacion grafica\proyecto en opengl\yes\yes\debug\stdafx.obj
w:\desktop\proyecto computacion grafica\proyecto en opengl\yes\yes\debug\yes.nativecodeanalysis.xml
w:\desktop\proyecto computacion grafica\proyecto en opengl\yes\yes\debug\yes.obj
w:\desktop\proyecto computacion grafica\proyecto en opengl\yes\debug\yes.ilk
w:\desktop\proyecto computacion grafica\proyecto en opengl\yes\debug\yes.exe
w:\desktop\proyecto computacion grafica\proyecto en opengl\yes\debug\yes.pdb
w:\desktop\proyecto computacion grafica\proyecto en opengl\yes\yes\debug\nativecodeanalysis.read.1.tlog
w:\desktop\proyecto computacion grafica\proyecto en opengl\yes\yes\debug\vc.nativecodeanalysis.all.xml
w:\desktop\proyecto computacion grafica\proyecto en opengl\yes\debug\yes.exe.lastcodeanalysissucceeded
w:\desktop\proyecto computacion grafica\proyecto en opengl\yes\yes\debug\yes.tlog\cl.command.1.tlog
w:\desktop\proyecto computacion grafica\proyecto en opengl\yes\yes\debug\yes.tlog\cl.read.1.tlog
w:\desktop\proyecto computacion grafica\proyecto en opengl\yes\yes\debug\yes.tlog\cl.write.1.tlog
w:\desktop\proyecto computacion grafica\proyecto en opengl\yes\yes\debug\yes.tlog\link.command.1.tlog
w:\desktop\proyecto computacion grafica\proyecto en opengl\yes\yes\debug\yes.tlog\link.read.1.tlog
w:\desktop\proyecto computacion grafica\proyecto en opengl\yes\yes\debug\yes.tlog\link.write.1.tlog
